
****** PlanAhead v14.7 (64-bit)
  **** Build 321239 by xbuild on Fri Sep 27 19:29:51 MDT 2013
    ** Copyright 1986-1999, 2001-2013 Xilinx, Inc. All Rights Reserved.

INFO: [Common 17-78] Attempting to get a license: PlanAhead
INFO: [Common 17-290] Got license for PlanAhead
INFO: [Device 21-36] Loading parts and site information from D:/Xilinx/14.7/ISE_DS/PlanAhead/data/parts/arch.xml
Parsing RTL primitives file [D:/Xilinx/14.7/ISE_DS/PlanAhead/data/parts/xilinx/rtl/prims/rtl_prims.xml]
Finished parsing RTL primitives file [D:/Xilinx/14.7/ISE_DS/PlanAhead/data/parts/xilinx/rtl/prims/rtl_prims.xml]
start_gui
source {D:/CE/2-1/01076006 Digital System Fundamentals/Lab/Lab5-2/pa.fromHdl.tcl}
# create_project -name Lab5-2 -dir "D:/CE/2-1/01076006 Digital System Fundamentals/Lab/Lab5-2/planAhead_run_3" -part xc6slx9tqg144-3
# set_param project.pinAheadLayout yes
# set srcset [get_property srcset [current_run -impl]]
# set_property target_constrs_file "D:/CE/2-1/01076006 Digital System Fundamentals/Lab/Lab5-2/b2spin.ucf" [current_fileset -constrset]
Adding file 'D:/CE/2-1/01076006 Digital System Fundamentals/Lab/Lab5-2/b2spin.ucf' to fileset 'constrs_1'
# set hdlfile [add_files [list {b2s.vf}]]
# set_property file_type Verilog $hdlfile
# set_property library work $hdlfile
# set_property top b2s $srcset
# add_files [list {b2spin.ucf}] -fileset [get_property constrset [current_run]]
# add_files [list {b2s.ucf}] -fileset [get_property constrset [current_run]]
# open_rtl_design -part xc6slx9tqg144-3
Using Verific elaboration
Parsing VHDL file "D:/Xilinx/14.7/ISE_DS/PlanAhead/data/parts/xilinx/rtl/lib/synplify/synattr.vhd" into library synplify
Analyzing Verilog file "D:/CE/2-1/01076006 Digital System Fundamentals/Lab/Lab5-2/b2s.vf" into library work
Loading clock regions from D:/Xilinx/14.7/ISE_DS/PlanAhead/data\parts/xilinx/spartan6/spartan6lx/xc6slx9/ClockRegion.xml
Loading clock buffers from D:/Xilinx/14.7/ISE_DS/PlanAhead/data\parts/xilinx/spartan6/spartan6lx/xc6slx9/ClockBuffers.xml
Loading package pin functions from D:/Xilinx/14.7/ISE_DS/PlanAhead/data\parts/xilinx/spartan6/PinFunctions.xml...
Loading package from D:/Xilinx/14.7/ISE_DS/PlanAhead/data\parts/xilinx/spartan6/spartan6lx/xc6slx9/tqg144/Package.xml
Loading io standards from D:/Xilinx/14.7/ISE_DS/PlanAhead/data\./parts/xilinx/spartan6/IOStandards.xml
Loading device configuration modes from D:/Xilinx/14.7/ISE_DS/PlanAhead/data\parts/xilinx/spartan6/ConfigModes.xml
Loading list of drcs for the architecture : D:/Xilinx/14.7/ISE_DS/PlanAhead/data\./parts/xilinx/spartan6/drc.xml
Parsing UCF File [D:/CE/2-1/01076006 Digital System Fundamentals/Lab/Lab5-2/b2spin.ucf]
Finished Parsing UCF File [D:/CE/2-1/01076006 Digital System Fundamentals/Lab/Lab5-2/b2spin.ucf]
Parsing UCF File [D:/CE/2-1/01076006 Digital System Fundamentals/Lab/Lab5-2/b2s.ucf]
Finished Parsing UCF File [D:/CE/2-1/01076006 Digital System Fundamentals/Lab/Lab5-2/b2s.ucf]
INFO: [Project 1-111] Unisim Transformation Summary:
No Unisim elements were transformed.

Phase 0 | Netlist Checksum: 8c17094b
open_rtl_design: Time (s): elapsed = 00:00:05 . Memory (MB): peak = 640.430 ; gain = 184.117
update_compile_order -fileset sim_1
exit
ERROR: [Common 17-39] 'stop_gui' failed due to earlier errors.
INFO: [Common 17-206] Exiting PlanAhead at Thu Oct 08 15:29:17 2020...
INFO: [Common 17-83] Releasing license: PlanAhead
