
****** PlanAhead v14.7 (64-bit)
  **** Build 321239 by xbuild on Fri Sep 27 19:29:51 MDT 2013
    ** Copyright 1986-1999, 2001-2013 Xilinx, Inc. All Rights Reserved.

INFO: [Common 17-78] Attempting to get a license: PlanAhead
INFO: [Common 17-290] Got license for PlanAhead
INFO: [Device 21-36] Loading parts and site information from D:/Xilinx/14.7/ISE_DS/PlanAhead/data/parts/arch.xml
Parsing RTL primitives file [D:/Xilinx/14.7/ISE_DS/PlanAhead/data/parts/xilinx/rtl/prims/rtl_prims.xml]
Finished parsing RTL primitives file [D:/Xilinx/14.7/ISE_DS/PlanAhead/data/parts/xilinx/rtl/prims/rtl_prims.xml]
start_gui
source {D:/CE/2-1/Digital Logic/Lab/Lab4/pa.fromHdl.tcl}
# create_project -name Lab4 -dir "D:/CE/2-1/Digital Logic/Lab/Lab4/planAhead_run_1" -part xc6slx9tqg144-3
# set_param project.pinAheadLayout yes
# set srcset [get_property srcset [current_run -impl]]
# set_property target_constrs_file "D:/CE/2-1/Digital Logic/Lab/Lab4/ImpCon1.ucf" [current_fileset -constrset]
Adding file 'D:/CE/2-1/Digital Logic/Lab/Lab4/ImpCon1.ucf' to fileset 'constrs_1'
# set hdlfile [add_files [list {Scheme1.vf}]]
# set_property file_type Verilog $hdlfile
# set_property library work $hdlfile
# set_property top Scheme1 $srcset
# add_files [list {ImpCon1.ucf}] -fileset [get_property constrset [current_run]]
# add_files [list {Scheme1.ucf}] -fileset [get_property constrset [current_run]]
# open_rtl_design -part xc6slx9tqg144-3
Using Verific elaboration
Parsing VHDL file "D:/Xilinx/14.7/ISE_DS/PlanAhead/data/parts/xilinx/rtl/lib/synplify/synattr.vhd" into library synplify
Analyzing Verilog file "D:/CE/2-1/Digital Logic/Lab/Lab4/Scheme1.vf" into library work
Loading clock regions from D:/Xilinx/14.7/ISE_DS/PlanAhead/data\parts/xilinx/spartan6/spartan6lx/xc6slx9/ClockRegion.xml
Loading clock buffers from D:/Xilinx/14.7/ISE_DS/PlanAhead/data\parts/xilinx/spartan6/spartan6lx/xc6slx9/ClockBuffers.xml
Loading package pin functions from D:/Xilinx/14.7/ISE_DS/PlanAhead/data\parts/xilinx/spartan6/PinFunctions.xml...
Loading package from D:/Xilinx/14.7/ISE_DS/PlanAhead/data\parts/xilinx/spartan6/spartan6lx/xc6slx9/tqg144/Package.xml
Loading io standards from D:/Xilinx/14.7/ISE_DS/PlanAhead/data\./parts/xilinx/spartan6/IOStandards.xml
Loading device configuration modes from D:/Xilinx/14.7/ISE_DS/PlanAhead/data\parts/xilinx/spartan6/ConfigModes.xml
Loading list of drcs for the architecture : D:/Xilinx/14.7/ISE_DS/PlanAhead/data\./parts/xilinx/spartan6/drc.xml
Parsing UCF File [D:/CE/2-1/Digital Logic/Lab/Lab4/ImpCon1.ucf]
Finished Parsing UCF File [D:/CE/2-1/Digital Logic/Lab/Lab4/ImpCon1.ucf]
Parsing UCF File [D:/CE/2-1/Digital Logic/Lab/Lab4/Scheme1.ucf]
Finished Parsing UCF File [D:/CE/2-1/Digital Logic/Lab/Lab4/Scheme1.ucf]
INFO: [Project 1-111] Unisim Transformation Summary:
No Unisim elements were transformed.

Phase 0 | Netlist Checksum: d963d037
open_rtl_design: Time (s): elapsed = 00:00:15 . Memory (MB): peak = 647.227 ; gain = 168.102
update_compile_order -fileset sim_1
startgroup
set_property package_pin P57 [get_ports B]
endgroup
startgroup
set_property package_pin P58 [get_ports D]
endgroup
set_property package_pin "" [get_ports [list  H]]
startgroup
set_property package_pin P59 [get_ports E]
endgroup
startgroup
set_property package_pin P61 [get_ports H]
endgroup
startgroup
set_property package_pin P62 [get_ports S]
endgroup
startgroup
set_property package_pin P83 [get_ports Y]
endgroup
startgroup
set_property package_pin P62 [get_ports S]
endgroup
set_property package_pin "" [get_ports [list  B]]
set_property is_loc_fixed false [get_ports [list  Y]]
startgroup
set_property package_pin P57 [get_ports H]
endgroup
set_property package_pin "" [get_ports [list  D]]
startgroup
set_property package_pin P58 [get_ports S]
endgroup
set_property package_pin "" [get_ports [list  E]]
set_property package_pin "" [get_ports [list  D]]
startgroup
set_property package_pin P59 [get_ports B]
endgroup
startgroup
set_property package_pin P61 [get_ports D]
endgroup
startgroup
set_property package_pin P62 [get_ports E]
endgroup
set_property is_loc_fixed true [get_ports [list  Y]]
save_constraints
exit
ERROR: [Common 17-39] 'stop_gui' failed due to earlier errors.
INFO: [Common 17-206] Exiting PlanAhead at Thu Sep 17 15:53:29 2020...
INFO: [Common 17-83] Releasing license: PlanAhead
