--------------------------------------------------------------------------------
Release 14.7 Trace  (nt64)
Copyright (c) 1995-2013 Xilinx, Inc.  All rights reserved.

D:\Xilinx\14.7\ISE_DS\ISE\bin\nt64\unwrapped\trce.exe -intstyle ise -v 3 -s 3
-n 3 -fastpaths -xml lab06sch.twx lab06sch.ncd -o lab06sch.twr lab06sch.pcf
-ucf lab06sch.ucf

Design file:              lab06sch.ncd
Physical constraint file: lab06sch.pcf
Device,package,speed:     xc6slx9,tqg144,C,-3 (PRODUCTION 1.23 2013-10-13)
Report level:             verbose report

Environment Variable      Effect 
--------------------      ------ 
NONE                      No environment variables were set
--------------------------------------------------------------------------------

INFO:Timing:2698 - No timing constraints found, doing default enumeration.
INFO:Timing:3412 - To improve timing, see the Timing Closure User Guide (UG612).
INFO:Timing:2752 - To get complete path coverage, use the unconstrained paths 
   option. All paths that are not constrained will be reported in the 
   unconstrained paths section(s) of the report.
INFO:Timing:3339 - The clock-to-out numbers in this timing report are based on 
   a 50 Ohm transmission line loading model.  For the details of this model, 
   and for more information on accounting for different loading conditions, 
   please see the device datasheet.



Data Sheet report:
-----------------
All values displayed in nanoseconds (ns)

Clock PB5 to Pad
------------+-----------------+------------+-----------------+------------+------------------+--------+
            |Max (slowest) clk|  Process   |Min (fastest) clk|  Process   |                  | Clock  |
Destination |  (edge) to PAD  |   Corner   |  (edge) to PAD  |   Corner   |Internal Clock(s) | Phase  |
------------+-----------------+------------+-----------------+------------+------------------+--------+
Buzzer      |        12.296(R)|      SLOW  |         6.142(R)|      FAST  |XLXN_117          |   0.000|
            |         9.002(F)|      SLOW  |         4.787(F)|      FAST  |PB5_IBUF_BUFG     |   0.000|
a           |        11.006(R)|      SLOW  |         5.962(R)|      FAST  |XLXN_117          |   0.000|
b           |        10.904(R)|      SLOW  |         5.903(R)|      FAST  |XLXN_117          |   0.000|
c           |        10.879(R)|      SLOW  |         5.868(R)|      FAST  |XLXN_117          |   0.000|
d           |        10.892(R)|      SLOW  |         5.942(R)|      FAST  |XLXN_117          |   0.000|
e           |        10.475(R)|      SLOW  |         5.565(R)|      FAST  |XLXN_117          |   0.000|
f           |        10.526(R)|      SLOW  |         5.563(R)|      FAST  |XLXN_117          |   0.000|
g           |        10.706(R)|      SLOW  |         5.767(R)|      FAST  |XLXN_117          |   0.000|
------------+-----------------+------------+-----------------+------------+------------------+--------+

Clock to Setup on destination clock OSC
---------------+---------+---------+---------+---------+
               | Src:Rise| Src:Fall| Src:Rise| Src:Fall|
Source Clock   |Dest:Rise|Dest:Rise|Dest:Fall|Dest:Fall|
---------------+---------+---------+---------+---------+
OSC            |    0.867|         |         |         |
---------------+---------+---------+---------+---------+

Clock to Setup on destination clock PB5
---------------+---------+---------+---------+---------+
               | Src:Rise| Src:Fall| Src:Rise| Src:Fall|
Source Clock   |Dest:Rise|Dest:Rise|Dest:Fall|Dest:Fall|
---------------+---------+---------+---------+---------+
PB5            |    2.298|         |         |         |
---------------+---------+---------+---------+---------+

Pad to Pad
---------------+---------------+---------+
Source Pad     |Destination Pad|  Delay  |
---------------+---------------+---------+
PB5            |Buzzer         |    8.403|
---------------+---------------+---------+


Analysis completed Thu Oct 22 14:09:03 2020 
--------------------------------------------------------------------------------

Trace Settings:
-------------------------
Trace Settings 

Peak Memory Usage: 4572 MB



