--------------------------------------------------------------------------------
Release 14.7 Trace  (nt64)
Copyright (c) 1995-2013 Xilinx, Inc.  All rights reserved.

D:\Xilinx\14.7\ISE_DS\ISE\bin\nt64\unwrapped\trce.exe -intstyle ise -v 3 -s 3
-n 3 -fastpaths -xml b2s.twx b2s.ncd -o b2s.twr b2s.pcf -ucf b2spin.ucf -ucf
b2s.ucf

Design file:              b2s.ncd
Physical constraint file: b2s.pcf
Device,package,speed:     xc6slx9,tqg144,C,-3 (PRODUCTION 1.23 2013-10-13)
Report level:             verbose report

Environment Variable      Effect 
--------------------      ------ 
NONE                      No environment variables were set
--------------------------------------------------------------------------------

INFO:Timing:2698 - No timing constraints found, doing default enumeration.
INFO:Timing:3412 - To improve timing, see the Timing Closure User Guide (UG612).
INFO:Timing:2752 - To get complete path coverage, use the unconstrained paths 
   option. All paths that are not constrained will be reported in the 
   unconstrained paths section(s) of the report.
INFO:Timing:3339 - The clock-to-out numbers in this timing report are based on 
   a 50 Ohm transmission line loading model.  For the details of this model, 
   and for more information on accounting for different loading conditions, 
   please see the device datasheet.



Data Sheet report:
-----------------
All values displayed in nanoseconds (ns)

Setup/Hold to clock Clock
------------+------------+------------+------------+------------+------------------+--------+
            |Max Setup to|  Process   |Max Hold to |  Process   |                  | Clock  |
Source      | clk (edge) |   Corner   | clk (edge) |   Corner   |Internal Clock(s) | Phase  |
------------+------------+------------+------------+------------+------------------+--------+
Set_0       |    1.997(R)|      SLOW  |   -0.260(R)|      SLOW  |Clock_BUFGP       |   0.000|
Set_1       |    1.777(R)|      SLOW  |   -0.220(R)|      SLOW  |Clock_BUFGP       |   0.000|
------------+------------+------------+------------+------------+------------------+--------+

Clock Clock to Pad
------------+-----------------+------------+-----------------+------------+------------------+--------+
            |Max (slowest) clk|  Process   |Min (fastest) clk|  Process   |                  | Clock  |
Destination |  (edge) to PAD  |   Corner   |  (edge) to PAD  |   Corner   |Internal Clock(s) | Phase  |
------------+-----------------+------------+-----------------+------------+------------------+--------+
a_7seg      |         8.836(R)|      SLOW  |         4.472(R)|      FAST  |Clock_BUFGP       |   0.000|
b_7seg      |         8.757(R)|      SLOW  |         4.347(R)|      FAST  |Clock_BUFGP       |   0.000|
c_7seg      |         8.289(R)|      SLOW  |         3.984(R)|      FAST  |Clock_BUFGP       |   0.000|
d_7seg      |         8.548(R)|      SLOW  |         4.360(R)|      FAST  |Clock_BUFGP       |   0.000|
e_7seg      |         8.302(R)|      SLOW  |         4.275(R)|      FAST  |Clock_BUFGP       |   0.000|
f_7seg      |         7.599(R)|      SLOW  |         3.937(R)|      FAST  |Clock_BUFGP       |   0.000|
g_7seg      |         8.383(R)|      SLOW  |         4.308(R)|      FAST  |Clock_BUFGP       |   0.000|
------------+-----------------+------------+-----------------+------------+------------------+--------+

Clock to Setup on destination clock Clock
---------------+---------+---------+---------+---------+
               | Src:Rise| Src:Fall| Src:Rise| Src:Fall|
Source Clock   |Dest:Rise|Dest:Rise|Dest:Fall|Dest:Fall|
---------------+---------+---------+---------+---------+
Clock          |    1.780|         |         |         |
---------------+---------+---------+---------+---------+

Pad to Pad
---------------+---------------+---------+
Source Pad     |Destination Pad|  Delay  |
---------------+---------------+---------+
Set_1          |KCom_7seg      |    7.017|
---------------+---------------+---------+


Analysis completed Thu Oct 08 14:36:00 2020 
--------------------------------------------------------------------------------

Trace Settings:
-------------------------
Trace Settings 

Peak Memory Usage: 4572 MB



